<?xml version="1.0" encoding="UTF-8"?>
<!-- Generated by org.testng.reporters.JUnitReportReporter -->
<testsuite hostname="DESKTOP-EG5QUVK" failures="0" tests="3" name="tests.ExamTest" time="72.027" errors="0" timestamp="2023-02-20T22:00:56 CST" skipped="0">
  <testcase classname="tests.ExamTest" name="addCategoryTest" time="35.641"/>
  <system-out/>
  <testcase classname="tests.ExamTest" name="noDuplicateCategoryTest" time="18.362"/>
  <system-out/>
  <testcase classname="tests.ExamTest" name="verifyAllMonthsExistOnTheDropListTest" time="18.024"/>
  <system-out/>
</testsuite> <!-- tests.ExamTest -->
